<?xml version="1.0" encoding="UTF-8"?>
<testng-results ignored="0" total="1" passed="1" failed="0" skipped="0">
  <reporter-output>
  </reporter-output>
  <suite started-at="2025-04-14T17:59:15 IST" name="Default suite" finished-at="2025-04-14T17:59:18 IST" duration-ms="3125">
    <groups>
    </groups>
    <test started-at="2025-04-14T17:59:15 IST" name="Default test" finished-at="2025-04-14T17:59:18 IST" duration-ms="3125">
      <class name="testCases.TC_002_LoginTest">
        <test-method is-config="true" signature="setup()[pri:0, instance:testCases.TC_002_LoginTest@6a78afa0]" started-at="2025-04-14T17:59:15 IST" name="setup" finished-at="2025-04-14T17:59:17 IST" duration-ms="2149" status="PASS">
          <reporter-output>
          </reporter-output>
        </test-method> <!-- setup -->
        <test-method signature="Verify_Login()[pri:0, instance:testCases.TC_002_LoginTest@6a78afa0]" started-at="2025-04-14T17:59:17 IST" name="Verify_Login" finished-at="2025-04-14T17:59:18 IST" duration-ms="864" status="PASS">
          <reporter-output>
          </reporter-output>
        </test-method> <!-- Verify_Login -->
        <test-method is-config="true" signature="tearDown()[pri:0, instance:testCases.TC_002_LoginTest@6a78afa0]" started-at="2025-04-14T17:59:18 IST" name="tearDown" finished-at="2025-04-14T17:59:18 IST" duration-ms="96" status="PASS">
          <reporter-output>
          </reporter-output>
        </test-method> <!-- tearDown -->
      </class> <!-- testCases.TC_002_LoginTest -->
    </test> <!-- Default test -->
  </suite> <!-- Default suite -->
</testng-results>
